Application parameters:
  batch  =>  nothing
  instance  =>  "../TOP//data/p4.2.f.txt"
  ub  =>  1.0e7
  cfg  =>  "/home/eduardo/Dropbox/Pesquisa/VRPSolver/docker_build/VrpSolver.jl/TOP/src/../config/TOP.cfg"
VRPSolver warning: Interval set for resource 1 on source node (when source != sink) is ignored (by definition is [0.0,0.0])
~~~~~~~~~~~~~~~~~~~~~~~~~~~~~~~~~~~~~~~~~~~~~~~~~~~~~~~~~~~~~~~~~~~~~~~~~~~~~~
VRPSolver v0.4,  1/09/2020. Web: vrpsolver.math.u-bordeaux.fr
Corresponds to the solver by Pessoa, Sadykov, Uchoa and Vanderbeck (2020)
Paper: dx.doi.org/10.1007/s10107-020-01523-z
USE THIS CODE ONLY FOR ACADEMIC PURPOSES AT YOUR OWN RISK
~~~~~~~~~~~~~~~~~~~~~~~~~~~~~~~~~~~~~~~~~~~~~~~~~~~~~~~~~~~~~~~~~~~~~~~~~~~~~~
BaPCod v050b,  1/09/2020, © Inria Bordeaux, France (license expires 1/12/2021)
~~~~~~~~~~~~~~~~~~~~~~~~~~~~~~~~~~~~~~~~~~~~~~~~~~~~~~~~~~~~~~~~~~~~~~~~~~~~~~
VRPSolver parameters:
GlobalTimeLimit = 21474836
MaxNbOfBBtreeNodeTreated = 100000
treeSearchStrategy = 1
RCSPstopCutGenTimeThresholdInPricing = 5
RCSPhardTimeThresholdInPricing = 10
RCSPnumberOfBucketsPerVertex = 200
RCSPdynamicBucketSteps = 1
RCSPuseBidirectionalSearch = 1
RCSPapplyReducedCostFixing = 1
RCSPredCostFixingFalseGap = 0
RCSPmaxNumOfColsPerIteration = 30
RCSPmaxNumOfColsPerExactIteration = 150
RCSPheurLabelingStrategy = 0
StabilizationMinPhaseOfStage = 0
RCSPmaxNumOfLabelsInEnumeration = 500000
RCSPmaxNumOfEnumeratedSolutions = 2500000
RCSPmaxNumOfEnumSolutionsForMIP = 10000
RCSPinitNGneighbourhoodSize = 8
RCSPmaxNGneighbourhoodSize = 8
RCSPrankOneCutsMaxNumPerRound = 100
RCSPrankOneCutsMaxNumRows = 5
RCSPrankOneCutsMemoryType = 1
CutTailingOffThreshold = 0.02
CutTailingOffCounterThreshold = 2
SafeDualBoundScaleFactor = -1
StrongBranchingPhaseOneCandidatesNumber = 50
StrongBranchingPhaseOneTreeSizeEstimRatio = 1
StrongBranchingPhaseTwoCandidatesNumber = 3
StrongBranchingPhaseTwoTreeSizeEstimRatio = 0.1
MaxTimeForRestrictedMasterIpHeur = 1
DivingHeurUseDepthLimit = 0
MaxLDSbreadth = 1
MaxLDSdepth = 10000
New model incumbent solution 1e+07, TIME = 0h0m0s0t = 0
Model is built TIME = 0h0m0s85t = 85
************************************************************************************************
**** BaB tree root node
**** Local DB = -1e+12, global bounds : [ -1e+12 , 1e+07 ], TIME = 0h0m0s85t = 85
**** 1 open nodes, 0 columns (0 active), 0 dyn. constrs. (0 active), 198 art. vars. (198 active)
************************************************************************************************
<DWph=2> <it= 10> <et=1.38> <Mt= 0.00> <Spt= 0.51> <nCl=272> <DB= -777.6667> <Mlp= -648.3333> <PB=-621> 
<DWph=2> <it= 20> <et=1.92> <Mt= 0.01> <Spt= 0.53> <nCl=240> <DB= -698.9597> <Mlp= -694.8000> <PB=-621> 
<DWph=2> <it= 21> <et=2.03> <Mt= 0.00> <Spt= 0.11> <nCl=  0> <DB= -694.8000> <Mlp= -694.8000> <PB=-621> 
<DWph=1> <it= 23> <et=2.32> <Mt= 0.00> <Spt= 0.29> <nCl=  2> <DB= -694.8000> <Mlp= -694.8000> <PB=-621> 
<DWph=0> <it= 26> <et=3.12> <Mt= 0.01> <Spt= 0.79> <nCl= 19> <DB= -696.3571> <Mlp= -696.3571> <PB=-621> 
Reduced cost fixing for graph G_1... took 1.39 sec., 232815 buck. arcs remain (30.4% from prev., 8.49% from max.)
Run enumeration... took 0.35 sec. and not succeeded.
ColGenEvalAlg final dual bound: -696.357 (rounded: -696)
----- Add fac. cuts : R1C(153), max.viol = 0.428571, aver.viol = 0.314659, sep/add took 0/0.06 sec. -----
721 columns (721 active), 153 dyn. constrs. (153 active), 350 art. vars. (350 active)
<DWph=2> <it=  3> <et=5.26> <Mt= 0.00> <Spt= 0.26> <nCl=  4> <DB= -695.1957> <Mlp= -695.1957> <PB=-621> 
<DWph=1> <it=  5> <et=5.51> <Mt= 0.01> <Spt= 0.24> <nCl=  1> <DB= -695.2857> <Mlp= -695.2857> <PB=-621> 
<DWph=0> <it=  7> <et=6.08> <Mt= 0.00> <Spt= 0.57> <nCl=  2> <DB= -695.3077> <Mlp= -695.3077> <PB=-621> 
ColGenEvalAlg final dual bound: -695.308 (rounded: -695)
----- Add fac. cuts : R1C(252), max.viol = 0.435897, aver.viol = 0.329874, sep/add took 0.05/0.13 sec. -----
795 columns (795 active), 405 dyn. constrs. (259 active), 602 art. vars. (456 active)
<DWph=2> <it=  2> <et=6.51> <Mt= 0.01> <Spt= 0.21> <nCl=  5> <DB= -694.6689> <Mlp= -694.6689> <PB=-621> 
<DWph=1> <it=  3> <et=6.67> <Mt= 0.00> <Spt= 0.15> <nCl=  0> <DB= -694.6689> <Mlp= -694.6689> <PB=-621> 
<DWph=0> <it=  5> <et=7.20> <Mt= 0.01> <Spt= 0.53> <nCl=  4> <DB= -694.7867> <Mlp= -694.7867> <PB=-621> 
ColGenEvalAlg final dual bound: -694.787 (rounded: -694)
----- Add fac. cuts : R1C(353), max.viol = 0.426667, aver.viol = 0.335826, sep/add took 0.46/0.19 sec. -----
855 columns (855 active), 612 dyn. constrs. (360 active), 955 art. vars. (557 active)
<DWph=2> <it=  2> <et=8.13> <Mt= 0.01> <Spt= 0.20> <nCl=  1> <DB= -694.0000> <Mlp= -694.0000> <PB=-621> 
<DWph=1> <it=  3> <et=8.30> <Mt= 0.00> <Spt= 0.16> <nCl=  0> <DB= -694.0000> <Mlp= -694.0000> <PB=-621> 
<DWph=0> <it=  5> <et=8.87> <Mt= 0.01> <Spt= 0.56> <nCl=  2> <DB= -694.2222> <Mlp= -694.2222> <PB=-621> 
ColGenEvalAlg final dual bound: -694.222 (rounded: -694)
----- Add fac. cuts : R1C(352), max.viol = 0.444444, aver.viol = 0.351168, sep/add took 0.39/0.23 sec. -----
899 columns (899 active), 712 dyn. constrs. (365 active), 1307 art. vars. (562 active)
<DWph=2> <it=  1> <et=9.67> <Mt= 0.01> <Spt= 0.11> <nCl=  0> <DB= -693.4583> <Mlp= -693.4583> <PB=-621> 
<DWph=1> <it=  3> <et=9.93> <Mt= 0.00> <Spt= 0.25> <nCl=  2> <DB= -693.4815> <Mlp= -693.4815> <PB=-621> 
<DWph=0> <it=  6> <et=10.78> <Mt= 0.02> <Spt= 0.83> <nCl=  9> <DB= -693.6337> <Mlp= -693.6337> <PB=-621> 
ColGenEvalAlg final dual bound: -693.634 (rounded: -693)
----- Cut generation is stopped due to tailing off -----
----------- Diving heuristic started -----------
<DWph=2> <it=  1> <et=10.91> <Mt= 0.00> <Spt= 0.00> <nCl=  0> <DB= -693.6337> <Mlp= -693.6337> <PB=-621> 
<DWph=1> <it=  2> <et=10.91> <Mt= 0.00> <Spt= 0.00> <nCl=  0> <DB= -693.6337> <Mlp= -693.6337> <PB=-621> 
---- Diving heuristic node with dive number = 0, fix depth = 1 and tabu list size = 0
Fixed projected solution = [x_1_9_81_1_OspV=1, x_1_10_69_1_OspV=1, x_1_12_17_1_OspV=1, x_1_0_14_1_OspV=1, x_1_14_67_1_OspV=1, x_1_17_39_1_OspV=1, x_1_20_26_1_OspV=1, x_1_22_88_1_OspV=1, x_1_26_32_1_OspV=1, x_1_28_38_1_OspV=1, x_1_29_53_1_OspV=1, x_1_32_10_1_OspV=1, x_1_38_20_1_OspV=1, x_1_39_62_1_OspV=1, x_1_42_51_1_OspV=1, x_1_51_59_1_OspV=1, x_1_53_42_1_OspV=1, x_1_55_99_1_OspV=1, x_1_59_28_1_OspV=1, x_1_62_55_1_OspV=1, x_1_67_9_1_OspV=1, x_1_69_80_1_OspV=1, x_1_80_22_1_OspV=1, x_1_81_29_1_OspV=1, x_1_88_12_1_OspV=1]
<DWph=2> <it= 10> <et=11.53> <Mt= 0.03> <Spt= 0.53> <nCl=253> <DB= -681.3185> <Mlp= -670.0000> <PB=-660> 
<DWph=2> <it= 16> <et=11.91> <Mt= 0.02> <Spt= 0.35> <nCl= 31> <DB= -671.5000> <Mlp= -671.5000> <PB=-660> 
<DWph=1> <it= 20> <et=12.30> <Mt= 0.01> <Spt= 0.38> <nCl= 60> <DB= -672.5000> <Mlp= -672.5000> <PB=-660> 
---- Diving heuristic node with dive number = 0, fix depth = 2 and tabu list size = 0
Fixed projected solution = [x_1_3_50_1_OspV=1, x_1_6_76_1_OspV=1, x_1_7_43_1_OspV=1, x_1_18_63_1_OspV=1, x_1_23_7_1_OspV=1, x_1_41_86_1_OspV=1, x_1_43_87_1_OspV=1, x_1_47_23_1_OspV=1, x_1_50_47_1_OspV=1, x_1_60_98_1_OspV=1, x_1_63_84_1_OspV=1, x_1_76_99_1_OspV=1, x_1_84_60_1_OspV=1, x_1_86_92_1_OspV=1, x_1_87_94_1_OspV=1, x_1_92_3_1_OspV=1, x_1_94_18_1_OspV=1, x_1_0_96_1_OspV=1, x_1_96_41_1_OspV=1, x_1_98_6_1_OspV=1]
<DWph=2> <it=  1> <et=12.36> <Mt= 0.00> <Spt= 0.00> <nCl=  0> <DB= -648.0000> <Mlp= -648.0000> <PB=-660> 
<DWph=1> <it=  2> <et=12.37> <Mt= 0.00> <Spt= 0.00> <nCl=  0> <DB= -648.0000> <Mlp= -648.0000> <PB=-660> 
---- Restricted Master IP Heuristic started ----
MIP found solution with value -671
---- Diving heuristic node with dive number = 2, fix depth = 1 and tabu list size = 1
Fixed projected solution = [x_1_3_86_1_OspV=1, x_1_6_76_1_OspV=1, x_1_18_94_1_OspV=1, x_1_24_99_1_OspV=1, x_1_39_62_1_OspV=1, x_1_45_74_1_OspV=1, x_1_50_3_1_OspV=1, x_1_55_39_1_OspV=1, x_1_60_98_1_OspV=1, x_1_62_45_1_OspV=1, x_1_74_78_1_OspV=1, x_1_76_97_1_OspV=1, x_1_78_24_1_OspV=1, x_1_84_60_1_OspV=1, x_1_86_92_1_OspV=1, x_1_87_84_1_OspV=1, x_1_92_18_1_OspV=1, x_1_94_87_1_OspV=1, x_1_0_96_1_OspV=1, x_1_96_50_1_OspV=1, x_1_97_55_1_OspV=1, x_1_98_6_1_OspV=1]
<DWph=2> <it= 10> <et=13.42> <Mt= 0.03> <Spt= 0.59> <nCl=289> <DB= -691.5686> <Mlp= -661.0000> <PB=-671> 
<DWph=2> <it= 20> <et=14.04> <Mt= 0.03> <Spt= 0.58> <nCl=265> <DB= -700.1665> <Mlp= -676.0000> <PB=-676> 
<DWph=2> <it= 25> <et=14.42> <Mt= 0.01> <Spt= 0.34> <nCl= 91> <DB= -675.6520> <Mlp= -676.0000> <PB=-676> 
<DWph=1> <it= 30> <et=14.88> <Mt= 0.02> <Spt= 0.44> <nCl=103> <DB= -678.4460> <Mlp= -676.0000> <PB=-676> 
<DWph=1> <it= 32> <et=15.14> <Mt= 0.01> <Spt= 0.25> <nCl=  4> <DB= -676.0000> <Mlp= -676.0000> <PB=-676> 
---- Restricted Master IP Heuristic started ----
**** Strong branching phase 1 is started *****
SB phase 1 cand.  1 branch on var y_0_97_OmastV (lhs=0.4795)   : [ -693.0400,  -691.0000], score = 1.56      <et=15.55>
SB phase 1 cand.  2 branch on var y_0_30_OmastV (lhs=0.5373)   : [ -693.3333,  -690.6000], score = 0.91      <et=15.55>
SB phase 1 cand.  3 branch on var y_0_57_OmastV (lhs=0.5373)   : [ -693.3333,  -690.6000], score = 0.91      <et=15.56>
SB phase 1 cand.  4 branch on var y_0_86_OmastV (lhs=0.4627)   : [ -693.3333,  -683.4000], score = 3.07      <et=15.57>
SB phase 1 cand.  6 branch on var y_0_6_OmastV (lhs=0.4145)    : [ -689.4458,  -674.3333], score = 80.83      <et=15.58>
SB phase 1 cand.  7 branch on var y_0_18_OmastV (lhs=0.4145)   : [ -689.4444,  -674.3333], score = 80.85      <et=15.59>
SB phase 1 cand.  8 branch on var y_0_47_OmastV (lhs=0.5855)   : [ -689.4458,  -685.8857], score = 32.45      <et=15.6>
SB phase 1 cand. 10 branch on var y_0_84_OmastV (lhs=0.4145)   : [ -689.4444,  -674.3333], score = 80.85      <et=15.61>
SB phase 1 cand. 44 branch on var x_1_98_6_1_OspV (lhs=0.4145) : [ -689.4458,  -674.3333], score = 80.83      <et=15.83>
**** Strong branching phase 2 is started *****
<DWph=1> <it=  6> <et=16.59> <Mt= 0.02> <Spt= 0.68> <nCl= 59> <DB= -688.7692> <Mlp= -688.7692> <PB=-676> 
<DWph=1> <it=  7> <et=17.70> <Mt= 0.01> <Spt= 0.84> <nCl= 41> <DB= -690.8947> <Mlp= -690.8947> <PB=-676> 
SB phase 2 cand.  1 branch on var y_0_18_OmastV (lhs=0.4145)  : [ -690.8947,  -688.7692], score = 13.32      <et=17.73>
<DWph=1> <it=  8> <et=18.77> <Mt= 0.03> <Spt= 0.84> <nCl= 45> <DB= -686.5000> <Mlp= -686.5000> <PB=-676> 
<DWph=1> <it=  9> <et=20.18> <Mt= 0.02> <Spt= 1.16> <nCl= 50> <DB= -691.0000> <Mlp= -691.0000> <PB=-676> 
SB phase 2 cand.  2 branch on var y_0_84_OmastV (lhs=0.4145)  : [ -691.0000,  -686.5000], score = 18.79      <et=20.21>
<DWph=1> <it= 10> <et=21.39> <Mt= 0.02> <Spt= 0.95> <nCl= 68> <DB= -686.2534> <Mlp= -686.5000> <PB=-676> 
<DWph=1> <it=  7> <et=22.57> <Mt= 0.02> <Spt= 0.95> <nCl= 41> <DB= -692.5217> <Mlp= -692.5217> <PB=-676> 
SB phase 2 cand.  3 branch on var x_1_98_6_1_OspV (lhs=0.4145): [ -692.5217,  -686.5000], score = 7.93      <et=22.61>
**** Strong branching phase 3 is started *****
**** SB phase 3 evaluation of candidate 1, branch 1 ( y_0_84_OmastV >= 1 ), value = -686.5
<DWph=2> <it=  1> <et=22.95> <Mt= 0.01> <Spt= 0.14> <nCl=  0> <DB= -686.5000> <Mlp= -686.5000> <PB=-676> 
<DWph=1> <it=  2> <et=23.17> <Mt= 0.00> <Spt= 0.21> <nCl=  0> <DB= -686.5000> <Mlp= -686.5000> <PB=-676> 
<DWph=0> <it=  4> <et=23.87> <Mt= 0.00> <Spt= 0.70> <nCl=  1> <DB= -686.5000> <Mlp= -686.5000> <PB=-676> 
Reduced cost fixing for graph G_1... took 0.32 sec., 25785 buck. arcs remain (11.1% from prev., 0.94% from max.)
Run enumeration... took 0.07 sec. and succeeded! Pricing will be done by inspection.
ColGenEvalAlg final dual bound: -686.5 (rounded: -686)
----- Terminating the node by MIP -----
MIP found solution with value -679
**** SB phase 3 evaluation of candidate 1, branch 2 ( y_0_84_OmastV <= 0 ), value = -691
<DWph=2> <it=  1> <et=25.68> <Mt= 0.01> <Spt= 0.10> <nCl=  0> <DB= -691.0000> <Mlp= -691.0000> <PB=-679> 
<DWph=1> <it=  2> <et=25.85> <Mt= 0.00> <Spt= 0.16> <nCl=  0> <DB= -691.0000> <Mlp= -691.0000> <PB=-679> 
<DWph=0> <it=  4> <et=26.38> <Mt= 0.00> <Spt= 0.52> <nCl=  8> <DB= -691.1907> <Mlp= -691.1907> <PB=-679> 
Reduced cost fixing for graph G_1... took 0.28 sec., 36147 buck. arcs remain (15.5% from prev., 1.32% from max.)
Run enumeration... took 0.26 sec. and succeeded! Pricing will be done by inspection.
<DWph=2> <it=  5> <et=27.25> <Mt= 0.02> <Spt= 0.01> <nCl=  0> <DB= -683.8269> <Mlp= -683.8269> <PB=-679> 
<DWph=1> <it=  6> <et=27.26> <Mt= 0.01> <Spt= 0.00> <nCl=  0> <DB= -683.8269> <Mlp= -683.8269> <PB=-679> 
<DWph=0> <it=  9> <et=27.37> <Mt= 0.00> <Spt= 0.10> <nCl=164> <DB= -687.0000> <Mlp= -687.0000> <PB=-687> 
ColGenEvalAlg final dual bound: -687 (rounded: -687)
 SB phase 3 candidate 1 is conquered !
New model incumbent solution -687, TIME = 0h0m27s42t = 2742
************************************************************************************************
Search is finished, global bounds : [ -687 , -687 ], TIME = 0h0m27s49t = 2749
************************************************************************************************
[32mBaPCod : solution defined.[00m
[41m solve [00m
statistics_cols: instance & :Optimal & cutoff & :bcRecRootDb & :bcTimeRootEval & :bcCountNodeProc & :bcRecBestDb & :bcRecBestInc & :bcTimeMain \\
statistics: p4.2.f & 1 & 1.0e7 & -693.00 & 10.89 & 3 & -687.00 & -687 & 27.49 \\
########################################################
Route #1: 30 73 57 53 42 51 59 28 38 20 26 71 12 17 48 19 31 8 45 74 78 24 
Route #2: 96 41 86 3 50 47 23 7 14 67 9 81 29 79 10 69 80 22 88 4 39 62 55 82 
Cost -687.0
########################################################
