Application parameters:
  batch  =>  nothing
  instance  =>  "../TOP//data/toy.txt"
  ub  =>  1.0e7
  cfg  =>  "/home/eduardo/Dropbox/Pesquisa/VRPSolver/docker_build/VrpSolver.jl/TOP/src/../config/TOP.cfg"
VRPSolver warning: Interval set for resource 1 on source node (when source != sink) is ignored (by definition is [0.0,0.0])
~~~~~~~~~~~~~~~~~~~~~~~~~~~~~~~~~~~~~~~~~~~~~~~~~~~~~~~~~~~~~~~~~~~~~~~~~~~~~~
VRPSolver v0.4,  1/09/2020. Web: vrpsolver.math.u-bordeaux.fr
Corresponds to the solver by Pessoa, Sadykov, Uchoa and Vanderbeck (2020)
Paper: dx.doi.org/10.1007/s10107-020-01523-z
USE THIS CODE ONLY FOR ACADEMIC PURPOSES AT YOUR OWN RISK
~~~~~~~~~~~~~~~~~~~~~~~~~~~~~~~~~~~~~~~~~~~~~~~~~~~~~~~~~~~~~~~~~~~~~~~~~~~~~~
BaPCod v050b,  1/09/2020, © Inria Bordeaux, France (license expires 1/12/2021)
~~~~~~~~~~~~~~~~~~~~~~~~~~~~~~~~~~~~~~~~~~~~~~~~~~~~~~~~~~~~~~~~~~~~~~~~~~~~~~
VRPSolver parameters:
GlobalTimeLimit = 21474836
MaxNbOfBBtreeNodeTreated = 100000
treeSearchStrategy = 1
RCSPstopCutGenTimeThresholdInPricing = 5
RCSPhardTimeThresholdInPricing = 10
RCSPnumberOfBucketsPerVertex = 200
RCSPdynamicBucketSteps = 1
RCSPuseBidirectionalSearch = 1
RCSPapplyReducedCostFixing = 1
RCSPredCostFixingFalseGap = 0
RCSPmaxNumOfColsPerIteration = 30
RCSPmaxNumOfColsPerExactIteration = 150
RCSPheurLabelingStrategy = 0
StabilizationMinPhaseOfStage = 0
RCSPmaxNumOfLabelsInEnumeration = 500000
RCSPmaxNumOfEnumeratedSolutions = 2500000
RCSPmaxNumOfEnumSolutionsForMIP = 10000
RCSPinitNGneighbourhoodSize = 8
RCSPmaxNGneighbourhoodSize = 8
RCSPrankOneCutsMaxNumPerRound = 100
RCSPrankOneCutsMaxNumRows = 5
RCSPrankOneCutsMemoryType = 1
CutTailingOffThreshold = 0.02
CutTailingOffCounterThreshold = 2
SafeDualBoundScaleFactor = -1
StrongBranchingPhaseOneCandidatesNumber = 50
StrongBranchingPhaseOneTreeSizeEstimRatio = 1
StrongBranchingPhaseTwoCandidatesNumber = 3
StrongBranchingPhaseTwoTreeSizeEstimRatio = 0.1
MaxTimeForRestrictedMasterIpHeur = 1
DivingHeurUseDepthLimit = 0
MaxLDSbreadth = 1
MaxLDSdepth = 10000
New model incumbent solution 1e+07, TIME = 0h0m0s0t = 0
Model is built TIME = 0h0m0s1t = 1
************************************************************************************************
**** BaB tree root node
**** Local DB = -1e+12, global bounds : [ -1e+12 , 1e+07 ], TIME = 0h0m0s1t = 1
**** 1 open nodes, 0 columns (0 active), 0 dyn. constrs. (0 active), 12 art. vars. (12 active)
************************************************************************************************
<DWph=2> <it=  2> <et=0.01> <Mt= 0.00> <Spt= 0.00> <nCl= 29> <DB=  -62.0000> <Mlp=  -62.0000> <PB=0> 
<DWph=1> <it=  3> <et=0.01> <Mt= 0.00> <Spt= 0.00> <nCl=  0> <DB=  -62.0000> <Mlp=  -62.0000> <PB=0> 
<DWph=0> <it=  4> <et=0.02> <Mt= 0.00> <Spt= 0.01> <nCl=  0> <DB=  -62.0000> <Mlp=  -62.0000> <PB=0> 
Reduced cost fixing for graph G_1... took 0 sec., 225 buck. arcs remain (21.6% from prev., 5.91% from max.)
ColGenEvalAlg final dual bound: -62 (rounded: -62)
----- Add fac. cuts : R1C(8), max.viol = 0.5, aver.viol = 0.5, sep/add took 0.02/0 sec. -----
33 columns (33 active), 8 dyn. constrs. (8 active), 19 art. vars. (19 active)
<DWph=2> <it=  1> <et=0.05> <Mt= 0.00> <Spt= 0.00> <nCl=  0> <DB=-1000000000000.0000> <Mlp=  -62.0000> <PB=-62> 
ColGenEvalAlg final dual bound: -62 (rounded: -62)
Gap improvement since the last cut separation : -nan (-62)
New model incumbent solution -62, TIME = 0h0m0s5t = 5
************************************************************************************************
Search is finished, global bounds : [ -62 , -62 ], TIME = 0h0m0s53t = 53
************************************************************************************************
[32mBaPCod : solution defined.[00m
[41m solve [00m
statistics_cols: instance & :Optimal & cutoff & :bcRecRootDb & :bcTimeRootEval & :bcCountNodeProc & :bcRecBestDb & :bcRecBestInc & :bcTimeMain \\
statistics: toy & 1 & 1.0e7 & -62.00 & 0.05 & 1 & -62.00 & -62 & 0.53 \\
########################################################
Route #1: 3 2 4 
Route #2: 5 1 
Cost -62.0
########################################################
